<?xml version="1.0" encoding="UTF-8"?>
<!-- Generated by org.testng.reporters.JUnitXMLReporter -->
<testsuite hostname="Artis-MBP" ignored="0" name="Default test" tests="4" failures="0" timestamp="29 Apr 2023 13:17:05 GMT" time="7.603" errors="0">
  <testcase name="ForgotPwdLinkExistTest" time="0.063" classname="com.qa.opencart.tests.loginPageTest"/>
  <testcase name="LoginPageUrlTest" time="0.026" classname="com.qa.opencart.tests.loginPageTest"/>
  <testcase name="dloginPageTitleTest" time="0.015" classname="com.qa.opencart.tests.loginPageTest"/>
  <testcase name="doLoginTest" time="0.294" classname="com.qa.opencart.tests.loginPageTest"/>
</testsuite> <!-- Default test -->
