<?xml version="1.0" encoding="UTF-8"?>
<testng-results skipped="0" failed="0" ignored="0" total="5" passed="5">
  <reporter-output>
  </reporter-output>
  <suite name="Default suite" duration-ms="14064" started-at="2023-05-20T14:12:23Z" finished-at="2023-05-20T14:12:37Z">
    <groups>
    </groups>
    <test name="Default test" duration-ms="14064" started-at="2023-05-20T14:12:23Z" finished-at="2023-05-20T14:12:37Z">
      <class name="com.qa.opencart.tests.RegisterPageTest">
        <test-method status="PASS" signature="setup()[pri:0, instance:com.qa.opencart.tests.RegisterPageTest@11a9e7c8]" name="setup" is-config="true" duration-ms="6884" started-at="2023-05-20T14:12:23Z" finished-at="2023-05-20T14:12:29Z">
          <reporter-output>
          </reporter-output>
        </test-method> <!-- setup -->
        <test-method status="PASS" signature="registerPageSetup()[pri:0, instance:com.qa.opencart.tests.RegisterPageTest@11a9e7c8]" name="registerPageSetup" is-config="true" duration-ms="116" started-at="2023-05-20T14:12:29Z" finished-at="2023-05-20T14:12:30Z">
          <reporter-output>
          </reporter-output>
        </test-method> <!-- registerPageSetup -->
        <test-method status="PASS" signature="accountRegisterationTest(java.lang.String, java.lang.String, java.lang.String, java.lang.String, java.lang.String, java.lang.String)[pri:0, instance:com.qa.opencart.tests.RegisterPageTest@11a9e7c8]" name="accountRegisterationTest" duration-ms="1591" started-at="2023-05-20T14:12:30Z" data-provider="getRegistrationData" finished-at="2023-05-20T14:12:32Z">
          <params>
            <param index="0">
              <value>
                <![CDATA[testuser5]]>
              </value>
            </param>
            <param index="1">
              <value>
                <![CDATA[lastname5]]>
              </value>
            </param>
            <param index="2">
              <value>
                <![CDATA[1234567898]]>
              </value>
            </param>
            <param index="3">
              <value>
                <![CDATA[Selenium@123]]>
              </value>
            </param>
            <param index="4">
              <value>
                <![CDATA[Student]]>
              </value>
            </param>
            <param index="5">
              <value>
                <![CDATA[male]]>
              </value>
            </param>
          </params>
          <reporter-output>
          </reporter-output>
        </test-method> <!-- accountRegisterationTest -->
        <test-method status="PASS" signature="accountRegisterationTest(java.lang.String, java.lang.String, java.lang.String, java.lang.String, java.lang.String, java.lang.String)[pri:0, instance:com.qa.opencart.tests.RegisterPageTest@11a9e7c8]" name="accountRegisterationTest" duration-ms="1286" started-at="2023-05-20T14:12:32Z" data-provider="getRegistrationData" finished-at="2023-05-20T14:12:33Z">
          <params>
            <param index="0">
              <value>
                <![CDATA[testuser6]]>
              </value>
            </param>
            <param index="1">
              <value>
                <![CDATA[lastname6]]>
              </value>
            </param>
            <param index="2">
              <value>
                <![CDATA[2234567898]]>
              </value>
            </param>
            <param index="3">
              <value>
                <![CDATA[Selenium@124]]>
              </value>
            </param>
            <param index="4">
              <value>
                <![CDATA[Doctor]]>
              </value>
            </param>
            <param index="5">
              <value>
                <![CDATA[female]]>
              </value>
            </param>
          </params>
          <reporter-output>
          </reporter-output>
        </test-method> <!-- accountRegisterationTest -->
        <test-method status="PASS" signature="accountRegisterationTest(java.lang.String, java.lang.String, java.lang.String, java.lang.String, java.lang.String, java.lang.String)[pri:0, instance:com.qa.opencart.tests.RegisterPageTest@11a9e7c8]" name="accountRegisterationTest" duration-ms="1261" started-at="2023-05-20T14:12:33Z" data-provider="getRegistrationData" finished-at="2023-05-20T14:12:34Z">
          <params>
            <param index="0">
              <value>
                <![CDATA[testuser7]]>
              </value>
            </param>
            <param index="1">
              <value>
                <![CDATA[lastname7]]>
              </value>
            </param>
            <param index="2">
              <value>
                <![CDATA[3123456789]]>
              </value>
            </param>
            <param index="3">
              <value>
                <![CDATA[Selenium@125]]>
              </value>
            </param>
            <param index="4">
              <value>
                <![CDATA[Engineer]]>
              </value>
            </param>
            <param index="5">
              <value>
                <![CDATA[male]]>
              </value>
            </param>
          </params>
          <reporter-output>
          </reporter-output>
        </test-method> <!-- accountRegisterationTest -->
        <test-method status="PASS" signature="accountRegisterationTest(java.lang.String, java.lang.String, java.lang.String, java.lang.String, java.lang.String, java.lang.String)[pri:0, instance:com.qa.opencart.tests.RegisterPageTest@11a9e7c8]" name="accountRegisterationTest" duration-ms="1232" started-at="2023-05-20T14:12:34Z" data-provider="getRegistrationData" finished-at="2023-05-20T14:12:35Z">
          <params>
            <param index="0">
              <value>
                <![CDATA[testuser8]]>
              </value>
            </param>
            <param index="1">
              <value>
                <![CDATA[lastname8]]>
              </value>
            </param>
            <param index="2">
              <value>
                <![CDATA[4234567898]]>
              </value>
            </param>
            <param index="3">
              <value>
                <![CDATA[Selenium@126]]>
              </value>
            </param>
            <param index="4">
              <value>
                <![CDATA[Scientist]]>
              </value>
            </param>
            <param index="5">
              <value>
                <![CDATA[female]]>
              </value>
            </param>
          </params>
          <reporter-output>
          </reporter-output>
        </test-method> <!-- accountRegisterationTest -->
        <test-method status="PASS" signature="registerPageUrlTest()[pri:0, instance:com.qa.opencart.tests.RegisterPageTest@11a9e7c8]" name="registerPageUrlTest" duration-ms="11" started-at="2023-05-20T14:12:35Z" finished-at="2023-05-20T14:12:35Z">
          <reporter-output>
          </reporter-output>
        </test-method> <!-- registerPageUrlTest -->
        <test-method status="PASS" signature="tearDown()[pri:0, instance:com.qa.opencart.tests.RegisterPageTest@11a9e7c8]" name="tearDown" is-config="true" duration-ms="1120" started-at="2023-05-20T14:12:35Z" finished-at="2023-05-20T14:12:37Z">
          <reporter-output>
          </reporter-output>
        </test-method> <!-- tearDown -->
      </class> <!-- com.qa.opencart.tests.RegisterPageTest -->
    </test> <!-- Default test -->
  </suite> <!-- Default suite -->
</testng-results>
